2025-12-04 20:37:00 | DEBUG | repo=d | action=commit
2025-03-19 16:52:00 | DEBUG | repo=d | action=commit
2024-07-18 18:46:00 | WARN | repo=d | action=commit
2025-10-19 08:20:00 | DEBUG | repo=d | action=pull
2025-10-05 20:39:00 | INFO | repo=d | action=commit
2025-05-09 08:06:00 | INFO | repo=d | action=test | passed=true
2025-02-17 08:12:00 | WARN | repo=d | action=test | passed=true
2024-10-18 21:20:00 | DEBUG | repo=d | action=commit
2024-04-15 09:14:00 | WARN | repo=d | action=commit
2024-02-01 08:20:00 | INFO | repo=d | action=pull
2024-03-13 15:27:00 | INFO | repo=d | action=commit
2025-02-25 12:44:00 | INFO | repo=d | action=commit
2025-10-24 10:48:00 | WARN | repo=d | action=commit
2024-06-25 14:34:00 | INFO | repo=d | action=commit
2024-06-21 07:44:00 | WARN | repo=d | action=commit
2024-06-10 09:03:00 | DEBUG | repo=d | action=commit
2025-09-18 15:21:00 | INFO | repo=d | action=commit
2025-10-12 19:35:00 | INFO | repo=d | action=commit
2025-02-17 15:12:00 | WARN | repo=d | action=commit
2025-08-04 13:42:00 | DEBUG | repo=d | action=commit
